c:\users\pawel\onedrive\pulpit\studia\obiekowe\nr6\xd\x64\release\xd.pch
c:\users\pawel\onedrive\pulpit\studia\obiekowe\nr6\xd\x64\release\vc141.pdb
c:\users\pawel\onedrive\pulpit\studia\obiekowe\nr6\xd\x64\release\pch.obj
c:\users\pawel\onedrive\pulpit\studia\obiekowe\nr6\xd\x64\release\xd.obj
c:\users\pawel\onedrive\pulpit\studia\obiekowe\nr6\xd\x64\release\event.obj
c:\users\pawel\onedrive\pulpit\studia\obiekowe\nr7\xd\x64\release\xd.pch
c:\users\pawel\onedrive\pulpit\studia\obiekowe\nr7\xd\x64\release\vc141.pdb
c:\users\pawel\onedrive\pulpit\studia\obiekowe\nr7\xd\x64\release\pch.obj
c:\users\pawel\onedrive\pulpit\studia\obiekowe\nr7\xd\x64\release\xd.obj
c:\users\pawel\onedrive\pulpit\studia\obiekowe\nr6\x64\release\xd.exe
c:\users\pawel\onedrive\pulpit\studia\obiekowe\nr6\x64\release\xd.pdb
c:\users\pawel\onedrive\pulpit\studia\obiekowe\nr7\x64\release\xd.exe
c:\users\pawel\onedrive\pulpit\studia\obiekowe\nr7\x64\release\xd.pdb
c:\users\pawel\onedrive\pulpit\studia\obiekowe\nr6\x64\release\xd.ipdb
c:\users\pawel\onedrive\pulpit\studia\obiekowe\nr6\x64\release\xd.iobj
c:\users\pawel\onedrive\pulpit\studia\obiekowe\nr7\x64\release\xd.ipdb
c:\users\pawel\onedrive\pulpit\studia\obiekowe\nr7\x64\release\xd.iobj
c:\users\pawel\onedrive\pulpit\studia\obiekowe\nr7\xd\x64\release\event.obj
c:\users\pawel\onedrive\pulpit\studia\obiekowe\nr7\xd\x64\release\xd.tlog\cl.command.1.tlog
c:\users\pawel\onedrive\pulpit\studia\obiekowe\nr7\xd\x64\release\xd.tlog\cl.read.1.tlog
c:\users\pawel\onedrive\pulpit\studia\obiekowe\nr7\xd\x64\release\xd.tlog\cl.write.1.tlog
c:\users\pawel\onedrive\pulpit\studia\obiekowe\nr7\xd\x64\release\xd.tlog\link.command.1.tlog
c:\users\pawel\onedrive\pulpit\studia\obiekowe\nr7\xd\x64\release\xd.tlog\link.read.1.tlog
c:\users\pawel\onedrive\pulpit\studia\obiekowe\nr7\xd\x64\release\xd.tlog\link.write.1.tlog
c:\users\pawel\onedrive\pulpit\studia\obiekowe\nr7\xd\x64\release\xd.tlog\xd.write.1u.tlog
